2021-04-01 16:47:48,096 [WARN] from play.api.http.HttpConfiguration in play-dev-mode-akka.actor.default-dispatcher-4 - 
The application secret is too short and does not have the recommended amount of entropy.  Your application is not secure
and it will fail to start in production mode.
To set the application secret, please read http://playframework.com/documentation/latest/ApplicationSecret
          
2021-04-01 16:47:48,322 [INFO] from play.api.http.EnabledFilters in play-dev-mode-akka.actor.default-dispatcher-4 - Enabled Filters (see <https://www.playframework.com/documentation/latest/Filters>):

    play.filters.headers.SecurityHeadersFilter
    play.filters.hosts.AllowedHostsFilter

2021-04-01 16:47:48,328 [INFO] from play.api.Play in play-dev-mode-akka.actor.default-dispatcher-4 - Application started (Dev) (no global state)
2021-04-01 16:56:15,462 [WARN] from play.api.http.HttpConfiguration in play-dev-mode-akka.actor.default-dispatcher-9 - 
The application secret is too short and does not have the recommended amount of entropy.  Your application is not secure
and it will fail to start in production mode.
To set the application secret, please read http://playframework.com/documentation/latest/ApplicationSecret
          
2021-04-01 16:56:15,499 [INFO] from play.api.http.EnabledFilters in play-dev-mode-akka.actor.default-dispatcher-9 - Enabled Filters (see <https://www.playframework.com/documentation/latest/Filters>):

    play.filters.headers.SecurityHeadersFilter
    play.filters.hosts.AllowedHostsFilter

2021-04-01 16:56:15,501 [INFO] from play.api.Play in play-dev-mode-akka.actor.default-dispatcher-9 - Application started (Dev) (no global state)
2021-04-01 16:57:02,509 [WARN] from play.api.http.HttpConfiguration in play-dev-mode-akka.actor.default-dispatcher-16 - 
The application secret is too short and does not have the recommended amount of entropy.  Your application is not secure
and it will fail to start in production mode.
To set the application secret, please read http://playframework.com/documentation/latest/ApplicationSecret
          
2021-04-01 16:57:02,546 [INFO] from play.api.http.EnabledFilters in play-dev-mode-akka.actor.default-dispatcher-16 - Enabled Filters (see <https://www.playframework.com/documentation/latest/Filters>):

    play.filters.headers.SecurityHeadersFilter
    play.filters.hosts.AllowedHostsFilter

2021-04-01 16:57:02,547 [INFO] from play.api.Play in play-dev-mode-akka.actor.default-dispatcher-16 - Application started (Dev) (no global state)
